\BOOKMARK [0][-]{chapter.1}{Einleitung}{}% 1
\BOOKMARK [0][-]{chapter.2}{Grundlagen}{}% 2
\BOOKMARK [1][-]{section.2.1}{Hilbertr\344ume}{chapter.2}% 3
\BOOKMARK [1][-]{section.2.2}{Variationsformulierung}{chapter.2}% 4
\BOOKMARK [1][-]{section.2.3}{Finite Elemente Methode}{chapter.2}% 5
\BOOKMARK [2][-]{subsection.2.3.1}{A priori Fehlerabsch\344tzung}{section.2.3}% 6
\BOOKMARK [1][-]{section.2.4}{Adaptive Verfeinerungsstrategien}{chapter.2}% 7
\BOOKMARK [2][-]{subsection.2.4.1}{A posteriori Fehlersch\344tzer}{section.2.4}% 8
\BOOKMARK [2][-]{subsection.2.4.2}{Verfeinerung des Netzes}{section.2.4}% 9
\BOOKMARK [1][-]{section.2.5}{Einf\374hrung in die Strukturmechanik}{chapter.2}% 10
\BOOKMARK [2][-]{subsection.2.5.1}{Kinematik}{section.2.5}% 11
\BOOKMARK [2][-]{subsection.2.5.2}{Kinetik}{section.2.5}% 12
\BOOKMARK [2][-]{subsection.2.5.3}{Konstitutive Gleichungen und Prinzipien}{section.2.5}% 13
\BOOKMARK [0][-]{chapter.3}{Variationsungleichungen}{}% 14
\BOOKMARK [1][-]{section.3.1}{Ein Hindernisproblem}{chapter.3}% 15
\BOOKMARK [2][-]{subsection.3.1.1}{Variationsformulierung f\374r das Hindernisproblem}{section.3.1}% 16
\BOOKMARK [2][-]{subsection.3.1.2}{Existenz und Eindeutigkeit der L\366sung}{section.3.1}% 17
\BOOKMARK [2][-]{subsection.3.1.3}{L\366sung des Hindernisproblems mittels FEM}{section.3.1}% 18
\BOOKMARK [1][-]{section.3.2}{Kontaktprobleme}{chapter.3}% 19
\BOOKMARK [2][-]{subsection.3.2.1}{Mathematische Modellierung eines Kontaktproblems}{section.3.2}% 20
\BOOKMARK [2][-]{subsection.3.2.2}{Variationsformulierung des Signorini-Kontaktproblems}{section.3.2}% 21
\BOOKMARK [2][-]{subsection.3.2.3}{L\366sung des Kontaktproblems mittels FEM}{section.3.2}% 22
\BOOKMARK [0][-]{chapter.4}{Ein hierarchischer Fehlersch\344tzer f\374r Hindernisprobleme}{}% 23
\BOOKMARK [1][-]{section.4.1}{Herleitung von einem hierarchischen a posteriori Fehlersch\344tzer}{chapter.4}% 24
\BOOKMARK [2][-]{subsection.4.1.1}{Diskretisierung des Defektproblems}{section.4.1}% 25
\BOOKMARK [2][-]{subsection.4.1.2}{Lokaler Anteil des Fehlersch\344tzers}{section.4.1}% 26
\BOOKMARK [2][-]{subsection.4.1.3}{Oszillationsterme}{section.4.1}% 27
\BOOKMARK [2][-]{subsection.4.1.4}{Zuverl\344ssigkeit des Fehlersch\344tzers}{section.4.1}% 28
\BOOKMARK [2][-]{subsection.4.1.5}{Effizienz des Fehlersch\344tzers}{section.4.1}% 29
\BOOKMARK [1][-]{section.4.2}{Ein adaptiver Algorithmus}{chapter.4}% 30
\BOOKMARK [1][-]{section.4.3}{Erf\374llung einer Saturationseigenschaft}{chapter.4}% 31
\BOOKMARK [1][-]{section.4.4}{\334bertragung des Fehlersch\344tzers auf Kontaktprobleme}{chapter.4}% 32
\BOOKMARK [0][-]{chapter.5}{Implementierung des Fehlersch\344tzers in Matlab}{}% 33
\BOOKMARK [1][-]{section.5.1}{Implementierung eines Hindernisproblems}{chapter.5}% 34
\BOOKMARK [1][-]{section.5.2}{Implementierung eines Kontaktproblems}{chapter.5}% 35
\BOOKMARK [0][-]{chapter.6}{Validierung}{}% 36
\BOOKMARK [1][-]{section.6.1}{Numerische Beispiele zum Hindernisproblem}{chapter.6}% 37
\BOOKMARK [1][-]{section.6.2}{Numerisches Beispiel zum Kontaktproblem}{chapter.6}% 38
\BOOKMARK [0][-]{chapter.7}{Zusammenfassung und Ausblick}{}% 39
\BOOKMARK [0][-]{chapter.7}{Literaturverzeichnis}{}% 40
\BOOKMARK [0][-]{appendix.A}{Funktionalanalysis}{}% 41
\BOOKMARK [1][-]{section.A.1}{Sobolev-R\344ume}{appendix.A}% 42
\BOOKMARK [1][-]{section.A.2}{Optimalit\344tskriterien}{appendix.A}% 43
\BOOKMARK [1][-]{section.A.3}{Konvergenzbegriffe}{appendix.A}% 44
\BOOKMARK [0][-]{appendix.B}{Optimierung}{}% 45
\BOOKMARK [1][-]{section.B.1}{Quadratische Programmierung}{appendix.B}% 46
\BOOKMARK [1][-]{section.B.2}{Active Set-Methode f\374r konvexe QPs}{appendix.B}% 47
\BOOKMARK [1][-]{section.B.3}{Algorithmus}{appendix.B}% 48
\BOOKMARK [0][-]{appendix.C}{Tensorrechnung}{}% 49
\BOOKMARK [1][-]{section.C.1}{Tensoralgebra}{appendix.C}% 50
\BOOKMARK [1][-]{section.C.2}{Tensoranalysis}{appendix.C}% 51
\BOOKMARK [0][-]{appendix.D}{Quellcode}{}% 52
\BOOKMARK [1][-]{section.D.1}{Implementierung des Fehlersch\344tzers f\374r das Hindernisproblem}{appendix.D}% 53
\BOOKMARK [1][-]{section.D.2}{Implementierung des Fehlersch\344tzers f\374r das Kontaktproblem}{appendix.D}% 54
\BOOKMARK [0][-]{lstnumber.D.28.95}{Index}{}% 55
\BOOKMARK [0][-]{appendix*.69}{Selbstst\344ndigkeitserkl\344rung}{}% 56
