\BOOKMARK [0][-]{chapter*.2}{Abbildungsverzeichnis}{}% 1
\BOOKMARK [0][-]{chapter*.3}{Tabellenverzeichnis}{}% 2
\BOOKMARK [0][-]{chapter.1}{Einleitung}{}% 3
\BOOKMARK [0][-]{chapter.2}{Grundlagen}{}% 4
\BOOKMARK [1][-]{section.2.1}{Variationsformulierung}{chapter.2}% 5
\BOOKMARK [1][-]{section.2.2}{Finite Elemente Methode}{chapter.2}% 6
\BOOKMARK [1][-]{section.2.3}{Adaptive Verfeinerungsstrategien}{chapter.2}% 7
\BOOKMARK [2][-]{subsection.2.3.1}{A posteriori Fehlersch\344tzer}{section.2.3}% 8
\BOOKMARK [1][-]{section.2.4}{Ein Hindernisproblem}{chapter.2}% 9
\BOOKMARK [2][-]{subsection.2.4.1}{Variationsformulierung f\374r das Hindernisprobleme}{section.2.4}% 10
\BOOKMARK [2][-]{subsection.2.4.2}{Existenz und Eindeutigkeit der L\366sung}{section.2.4}% 11
\BOOKMARK [2][-]{subsection.2.4.3}{L\366sung des Hindernisproblems mittels FEM}{section.2.4}% 12
\BOOKMARK [1][-]{section.2.5}{Einf\374hrung in die Strukturmechanik}{chapter.2}% 13
\BOOKMARK [1][-]{section.2.6}{Kontaktprobleme}{chapter.2}% 14
\BOOKMARK [2][-]{subsection.2.6.1}{Mathematische Modellierung von Kontaktproblemen}{section.2.6}% 15
\BOOKMARK [2][-]{subsection.2.6.2}{Variationsformulierung f\374r Kontaktprobleme}{section.2.6}% 16
\BOOKMARK [2][-]{subsection.2.6.3}{L\366sung des Kontaktproblems mittels FEM}{section.2.6}% 17
\BOOKMARK [0][-]{chapter.3}{Ein hierarchischer Fehlersch\344tzer f\374r Hindernisprobleme}{}% 18
\BOOKMARK [1][-]{section.3.1}{Herleitung eines a posteriori hierarchischen Fehlersch\344tzers}{chapter.3}% 19
\BOOKMARK [2][-]{subsection.3.1.1}{Diskretisierung}{section.3.1}% 20
\BOOKMARK [2][-]{subsection.3.1.2}{Lokaler Anteil des Fehlersch\344tzers}{section.3.1}% 21
\BOOKMARK [2][-]{subsection.3.1.3}{Oszillationsterme}{section.3.1}% 22
\BOOKMARK [2][-]{subsection.3.1.4}{Zuverl\344ssigkeit des Fehlersch\344tzers}{section.3.1}% 23
\BOOKMARK [2][-]{subsection.3.1.5}{Effektivit\344t des Fehlersch\344tzers}{section.3.1}% 24
\BOOKMARK [1][-]{section.3.2}{Ein adaptiver Algorithmus}{chapter.3}% 25
\BOOKMARK [1][-]{section.3.3}{Erf\374llung einer Saturationseigenschaft}{chapter.3}% 26
\BOOKMARK [0][-]{chapter.4}{\334bertragung des Fehlersch\344tzers auf Kontaktprobleme}{}% 27
\BOOKMARK [0][-]{chapter.5}{Implementierung des Fehlersch\344tzers in Matlab}{}% 28
\BOOKMARK [0][-]{chapter.6}{Validierung}{}% 29
\BOOKMARK [1][-]{section.6.1}{Numerisches Beispiel zum Hindernisproblem}{chapter.6}% 30
\BOOKMARK [1][-]{section.6.2}{Numerisches Beispiel zum Kontaktproblem}{chapter.6}% 31
\BOOKMARK [0][-]{chapter.7}{Zusammenfassung und Ausblick}{}% 32
\BOOKMARK [0][-]{chapter.7}{Literaturverzeichnis}{}% 33
\BOOKMARK [0][-]{appendix.A}{Quellcode}{}% 34
\BOOKMARK [1][-]{section.A.1}{Implementierung des Fehlersch\344tzers f\374r das Hindernisproblem}{appendix.A}% 35
