This is pdfTeX, Version 3.14159265-2.6-1.40.15 (TeX Live 2014) (preloaded format=pdflatex 2014.9.25)  1 DEC 2014 15:30
entering extended mode
 \write18 enabled.
 file:line:error style messages enabled.
 %&-line parsing enabled.
**Kapitel04.tex
(./Kapitel04.tex
LaTeX2e <2014/05/01>
Babel <3.9k> and hyphenation patterns for 79 languages loaded.
./Kapitel04.tex:1: Undefined control sequence.
l.1 \newchapter
               {Ein hierarchischer Fehlerschätzer für Hindernisprobleme}
? 

./Kapitel04.tex:1: LaTeX Error: Missing \begin{document}.

See the LaTeX manual or LaTeX Companion for explanation.
Type  H <return>  for immediate help.
 ...                                              
                                                  
l.1 \newchapter{E
                 in hierarchischer Fehlerschätzer für Hindernisprobleme}
? 
./Kapitel04.tex:1: Emergency stop.
 ...                                              
                                                  
l.1 \newchapter{E
                 in hierarchischer Fehlerschätzer für Hindernisprobleme}
You're in trouble here.  Try typing  <return>  to proceed.
If that doesn't work, type  X <return>  to quit.

 
Here is how much of TeX's memory you used:
 6 strings out of 493108
 268 string characters out of 6134847
 52957 words of memory out of 5000000
 3569 multiletter control sequences out of 15000+600000
 3640 words of font info for 14 fonts, out of 8000000 for 9000
 1141 hyphenation exceptions out of 8191
 5i,0n,4p,87b,16s stack positions out of 5000i,500n,10000p,200000b,80000s
./Kapitel04.tex:1:  ==> Fatal error occurred, no output PDF file produced!
